<?xml version="1.0" encoding="UTF-8"?>
<!-- Generated by org.testng.reporters.JUnitReportReporter -->
<testsuite skipped="0" hostname="qapitol-ThinkPad-L480" name="projectemployee.springprojectemployee.GetDataTest" tests="2" failures="0" timestamp="01 Mar 2019 06:14:22 GMT" time="1.732" errors="0">
  <testcase name="testResponsecode" time="0.031" classname="projectemployee.springprojectemployee.GetDataTest"/>
  <testcase name="testBody" time="1.701" classname="projectemployee.springprojectemployee.GetDataTest"/>
</testsuite> <!-- projectemployee.springprojectemployee.GetDataTest -->
